TN:
SF:player.js
FN:16,(anonymous_0)
FN:19,(anonymous_1)
FN:21,(anonymous_2)
FN:23,(anonymous_3)
FN:26,(anonymous_4)
FN:31,(anonymous_5)
FN:36,(anonymous_6)
FN:44,(anonymous_7)
FN:49,(anonymous_8)
FN:141,(anonymous_9)
FN:176,(anonymous_10)
FN:185,(anonymous_11)
FN:193,(anonymous_12)
FN:202,(anonymous_13)
FN:210,(anonymous_14)
FN:215,(anonymous_15)
FN:220,(anonymous_16)
FN:292,(anonymous_17)
FN:324,(anonymous_18)
FN:326,(anonymous_19)
FN:338,(anonymous_20)
FN:347,(anonymous_21)
FN:369,(anonymous_22)
FNF:23
FNH:2
FNDA:0,(anonymous_0)
FNDA:0,(anonymous_1)
FNDA:0,(anonymous_2)
FNDA:0,(anonymous_3)
FNDA:0,(anonymous_4)
FNDA:0,(anonymous_5)
FNDA:0,(anonymous_6)
FNDA:0,(anonymous_7)
FNDA:1,(anonymous_8)
FNDA:0,(anonymous_9)
FNDA:0,(anonymous_10)
FNDA:0,(anonymous_11)
FNDA:0,(anonymous_12)
FNDA:0,(anonymous_13)
FNDA:1,(anonymous_14)
FNDA:0,(anonymous_15)
FNDA:0,(anonymous_16)
FNDA:0,(anonymous_17)
FNDA:0,(anonymous_18)
FNDA:0,(anonymous_19)
FNDA:0,(anonymous_20)
FNDA:0,(anonymous_21)
FNDA:0,(anonymous_22)
DA:6,1
DA:7,1
DA:9,1
DA:10,1
DA:12,1
DA:13,1
DA:14,1
DA:18,0
DA:19,0
DA:21,0
DA:23,0
DA:25,0
DA:26,0
DA:27,0
DA:30,0
DA:31,0
DA:32,0
DA:35,0
DA:36,0
DA:37,0
DA:40,0
DA:45,0
DA:51,1
DA:52,1
DA:54,1
DA:56,0
DA:58,0
DA:60,0
DA:61,0
DA:64,0
DA:65,0
DA:66,0
DA:68,0
DA:69,0
DA:71,0
DA:72,0
DA:74,0
DA:75,0
DA:77,0
DA:78,0
DA:80,0
DA:81,0
DA:83,0
DA:84,0
DA:85,0
DA:87,0
DA:89,0
DA:91,0
DA:92,0
DA:93,0
DA:94,0
DA:95,0
DA:96,0
DA:97,0
DA:143,0
DA:145,0
DA:146,0
DA:149,0
DA:150,0
DA:152,0
DA:153,0
DA:155,0
DA:156,0
DA:158,0
DA:159,0
DA:161,0
DA:162,0
DA:164,0
DA:166,0
DA:168,0
DA:170,0
DA:178,0
DA:179,0
DA:181,0
DA:183,0
DA:184,0
DA:185,0
DA:186,0
DA:190,0
DA:195,0
DA:196,0
DA:198,0
DA:200,0
DA:201,0
DA:202,0
DA:203,0
DA:207,0
DA:212,1
DA:217,0
DA:222,0
DA:224,0
DA:226,0
DA:227,0
DA:228,0
DA:232,0
DA:236,0
DA:237,0
DA:239,0
DA:240,0
DA:241,0
DA:242,0
DA:243,0
DA:244,0
DA:245,0
DA:247,0
DA:248,0
DA:249,0
DA:250,0
DA:251,0
DA:252,0
DA:253,0
DA:254,0
DA:255,0
DA:257,0
DA:258,0
DA:259,0
DA:260,0
DA:261,0
DA:262,0
DA:263,0
DA:264,0
DA:265,0
DA:267,0
DA:268,0
DA:269,0
DA:270,0
DA:271,0
DA:272,0
DA:273,0
DA:274,0
DA:275,0
DA:278,0
DA:280,0
DA:282,0
DA:284,0
DA:286,0
DA:288,0
DA:289,0
DA:290,0
DA:291,0
DA:292,0
DA:293,0
DA:300,0
DA:301,0
DA:303,0
DA:304,0
DA:306,0
DA:307,0
DA:309,0
DA:310,0
DA:312,0
DA:313,0
DA:315,0
DA:316,0
DA:318,0
DA:320,0
DA:321,0
DA:322,0
DA:323,0
DA:324,0
DA:326,0
DA:327,0
DA:328,0
DA:329,0
DA:332,0
DA:333,0
DA:334,0
DA:335,0
DA:336,0
DA:337,0
DA:338,0
DA:339,0
DA:346,0
DA:347,0
DA:348,0
DA:350,0
DA:351,0
DA:353,0
DA:357,0
DA:359,0
DA:363,0
DA:364,0
DA:365,0
DA:366,0
DA:367,0
DA:368,0
DA:369,0
DA:370,0
DA:379,1
LF:189
LH:12
BRDA:54,0,0,0
BRDA:54,0,1,1
BRDA:143,1,0,0
BRDA:143,1,1,0
BRDA:146,2,0,0
BRDA:146,2,1,0
BRDA:146,2,2,0
BRDA:146,2,3,0
BRDA:164,3,0,0
BRDA:164,3,1,0
BRDA:168,4,0,0
BRDA:168,4,1,0
BRDA:168,5,0,0
BRDA:168,5,1,0
BRDA:181,6,0,0
BRDA:181,6,1,0
BRDA:181,7,0,0
BRDA:181,7,1,0
BRDA:198,8,0,0
BRDA:198,8,1,0
BRDA:198,9,0,0
BRDA:198,9,1,0
BRDA:222,10,0,0
BRDA:222,10,1,0
BRDA:224,11,0,0
BRDA:224,11,1,0
BRDA:232,12,0,0
BRDA:232,12,1,0
BRDA:232,12,2,0
BRDA:232,12,3,0
BRDA:239,13,0,0
BRDA:239,13,1,0
BRDA:241,14,0,0
BRDA:241,14,1,0
BRDA:243,15,0,0
BRDA:243,15,1,0
BRDA:249,16,0,0
BRDA:249,16,1,0
BRDA:251,17,0,0
BRDA:251,17,1,0
BRDA:253,18,0,0
BRDA:253,18,1,0
BRDA:259,19,0,0
BRDA:259,19,1,0
BRDA:261,20,0,0
BRDA:261,20,1,0
BRDA:263,21,0,0
BRDA:263,21,1,0
BRDA:269,22,0,0
BRDA:269,22,1,0
BRDA:271,23,0,0
BRDA:271,23,1,0
BRDA:273,24,0,0
BRDA:273,24,1,0
BRDA:282,25,0,0
BRDA:282,25,1,0
BRDA:282,26,0,0
BRDA:282,26,1,0
BRDA:282,26,2,0
BRDA:286,27,0,0
BRDA:286,27,1,0
BRDA:318,28,0,0
BRDA:318,28,1,0
BRDA:351,29,0,0
BRDA:351,29,1,0
BRDA:351,30,0,0
BRDA:351,30,1,0
BRF:67
BRH:1
end_of_record
